2023-07-25 22:07:831 INFO  HomePage :51 - enter the job title[[ChromeDriver: chrome on windows (1cc94c81e658bd3cbb5eb7c7d25dee5a)] -> xpath: //input[@id='keywords']]
2023-07-25 22:07:972 INFO  HomePage :57 - enter location[[ChromeDriver: chrome on windows (1cc94c81e658bd3cbb5eb7c7d25dee5a)] -> xpath: //input[@id='location']]
2023-07-25 22:07:128 INFO  HomePage :63 - select distance[[ChromeDriver: chrome on windows (1cc94c81e658bd3cbb5eb7c7d25dee5a)] -> xpath: //select[@id='distance']]
2023-07-25 22:07:212 INFO  HomePage :69 - click on search option[[ChromeDriver: chrome on windows (1cc94c81e658bd3cbb5eb7c7d25dee5a)] -> xpath: //button[@id='toggle-hp-search']]
2023-07-25 22:07:384 INFO  HomePage :75 - enter minimum salary[[ChromeDriver: chrome on windows (1cc94c81e658bd3cbb5eb7c7d25dee5a)] -> xpath: //input[@id='salarymin']]
2023-07-25 22:07:537 INFO  HomePage :81 - enter maximum salary[[ChromeDriver: chrome on windows (1cc94c81e658bd3cbb5eb7c7d25dee5a)] -> xpath: //input[@id='salarymax']]
2023-07-25 22:07:662 INFO  HomePage :87 - select salary type[[ChromeDriver: chrome on windows (1cc94c81e658bd3cbb5eb7c7d25dee5a)] -> xpath: //select[@id='salarytype']]
2023-07-25 22:07:757 INFO  HomePage :93 - select job type[[ChromeDriver: chrome on windows (1cc94c81e658bd3cbb5eb7c7d25dee5a)] -> xpath: //select[@id='tempperm']]
2023-07-25 22:07:876 INFO  HomePage :99 - click on find job button[[ChromeDriver: chrome on windows (1cc94c81e658bd3cbb5eb7c7d25dee5a)] -> xpath: //input[@id='hp-search-btn']]
2023-07-25 22:07:84 INFO  ResultPage :21 - Getting result Permanent Tester jobs in Harrow
2023-07-25 22:07:302 INFO  HomePage :51 - enter the job title[[ChromeDriver: chrome on windows (d9d15e6fdf6a04fb032c62824ddae872)] -> xpath: //input[@id='keywords']]
2023-07-25 22:07:419 INFO  HomePage :57 - enter location[[ChromeDriver: chrome on windows (d9d15e6fdf6a04fb032c62824ddae872)] -> xpath: //input[@id='location']]
2023-07-25 22:07:512 INFO  HomePage :63 - select distance[[ChromeDriver: chrome on windows (d9d15e6fdf6a04fb032c62824ddae872)] -> xpath: //select[@id='distance']]
2023-07-25 22:07:597 INFO  HomePage :69 - click on search option[[ChromeDriver: chrome on windows (d9d15e6fdf6a04fb032c62824ddae872)] -> xpath: //button[@id='toggle-hp-search']]
2023-07-25 22:07:766 INFO  HomePage :75 - enter minimum salary[[ChromeDriver: chrome on windows (d9d15e6fdf6a04fb032c62824ddae872)] -> xpath: //input[@id='salarymin']]
2023-07-25 22:07:855 INFO  HomePage :81 - enter maximum salary[[ChromeDriver: chrome on windows (d9d15e6fdf6a04fb032c62824ddae872)] -> xpath: //input[@id='salarymax']]
2023-07-25 22:07:979 INFO  HomePage :87 - select salary type[[ChromeDriver: chrome on windows (d9d15e6fdf6a04fb032c62824ddae872)] -> xpath: //select[@id='salarytype']]
2023-07-25 22:07:68 INFO  HomePage :93 - select job type[[ChromeDriver: chrome on windows (d9d15e6fdf6a04fb032c62824ddae872)] -> xpath: //select[@id='tempperm']]
2023-07-25 22:07:167 INFO  HomePage :99 - click on find job button[[ChromeDriver: chrome on windows (d9d15e6fdf6a04fb032c62824ddae872)] -> xpath: //input[@id='hp-search-btn']]
2023-07-25 22:07:714 INFO  ResultPage :21 - Getting result Contract Developer jobs in Harrow
2023-07-25 22:07:949 INFO  HomePage :51 - enter the job title[[ChromeDriver: chrome on windows (b740bf11250dce3e36a5596facb4c555)] -> xpath: //input[@id='keywords']]
2023-07-25 22:07:63 INFO  HomePage :57 - enter location[[ChromeDriver: chrome on windows (b740bf11250dce3e36a5596facb4c555)] -> xpath: //input[@id='location']]
2023-07-25 22:07:203 INFO  HomePage :63 - select distance[[ChromeDriver: chrome on windows (b740bf11250dce3e36a5596facb4c555)] -> xpath: //select[@id='distance']]
2023-07-25 22:07:291 INFO  HomePage :69 - click on search option[[ChromeDriver: chrome on windows (b740bf11250dce3e36a5596facb4c555)] -> xpath: //button[@id='toggle-hp-search']]
2023-07-25 22:07:446 INFO  HomePage :75 - enter minimum salary[[ChromeDriver: chrome on windows (b740bf11250dce3e36a5596facb4c555)] -> xpath: //input[@id='salarymin']]
2023-07-25 22:07:571 INFO  HomePage :81 - enter maximum salary[[ChromeDriver: chrome on windows (b740bf11250dce3e36a5596facb4c555)] -> xpath: //input[@id='salarymax']]
2023-07-25 22:07:667 INFO  HomePage :87 - select salary type[[ChromeDriver: chrome on windows (b740bf11250dce3e36a5596facb4c555)] -> xpath: //select[@id='salarytype']]
2023-07-25 22:07:763 INFO  HomePage :93 - select job type[[ChromeDriver: chrome on windows (b740bf11250dce3e36a5596facb4c555)] -> xpath: //select[@id='tempperm']]
2023-07-25 22:07:854 INFO  HomePage :99 - click on find job button[[ChromeDriver: chrome on windows (b740bf11250dce3e36a5596facb4c555)] -> xpath: //input[@id='hp-search-btn']]
2023-07-25 22:07:62 INFO  ResultPage :21 - Getting result Temporary Graphic Designer jobs in London
2023-07-25 22:07:812 INFO  HomePage :51 - enter the job title[[ChromeDriver: chrome on windows (5fbd75b8213e85a6e6efebb9f7a2c259)] -> xpath: //input[@id='keywords']]
2023-07-25 22:07:942 INFO  HomePage :57 - enter location[[ChromeDriver: chrome on windows (5fbd75b8213e85a6e6efebb9f7a2c259)] -> xpath: //input[@id='location']]
2023-07-25 22:07:17 INFO  HomePage :63 - select distance[[ChromeDriver: chrome on windows (5fbd75b8213e85a6e6efebb9f7a2c259)] -> xpath: //select[@id='distance']]
2023-07-25 22:07:294 INFO  HomePage :69 - click on search option[[ChromeDriver: chrome on windows (5fbd75b8213e85a6e6efebb9f7a2c259)] -> xpath: //button[@id='toggle-hp-search']]
2023-07-25 22:07:454 INFO  HomePage :75 - enter minimum salary[[ChromeDriver: chrome on windows (5fbd75b8213e85a6e6efebb9f7a2c259)] -> xpath: //input[@id='salarymin']]
2023-07-25 22:07:572 INFO  HomePage :81 - enter maximum salary[[ChromeDriver: chrome on windows (5fbd75b8213e85a6e6efebb9f7a2c259)] -> xpath: //input[@id='salarymax']]
2023-07-25 22:07:679 INFO  HomePage :87 - select salary type[[ChromeDriver: chrome on windows (5fbd75b8213e85a6e6efebb9f7a2c259)] -> xpath: //select[@id='salarytype']]
2023-07-25 22:07:783 INFO  HomePage :93 - select job type[[ChromeDriver: chrome on windows (5fbd75b8213e85a6e6efebb9f7a2c259)] -> xpath: //select[@id='tempperm']]
2023-07-25 22:07:907 INFO  HomePage :99 - click on find job button[[ChromeDriver: chrome on windows (5fbd75b8213e85a6e6efebb9f7a2c259)] -> xpath: //input[@id='hp-search-btn']]
2023-07-25 22:07:635 INFO  ResultPage :21 - Getting result Permanent Salesforce jobs in Harrow
2023-07-25 22:07:533 INFO  HomePage :51 - enter the job title[[ChromeDriver: chrome on windows (c43c6001823992e1aea83fe825028f6a)] -> xpath: //input[@id='keywords']]
2023-07-25 22:07:684 INFO  HomePage :57 - enter location[[ChromeDriver: chrome on windows (c43c6001823992e1aea83fe825028f6a)] -> xpath: //input[@id='location']]
2023-07-25 22:07:850 INFO  HomePage :63 - select distance[[ChromeDriver: chrome on windows (c43c6001823992e1aea83fe825028f6a)] -> xpath: //select[@id='distance']]
2023-07-25 22:07:969 INFO  HomePage :69 - click on search option[[ChromeDriver: chrome on windows (c43c6001823992e1aea83fe825028f6a)] -> xpath: //button[@id='toggle-hp-search']]
2023-07-25 22:07:150 INFO  HomePage :75 - enter minimum salary[[ChromeDriver: chrome on windows (c43c6001823992e1aea83fe825028f6a)] -> xpath: //input[@id='salarymin']]
2023-07-25 22:07:250 INFO  HomePage :81 - enter maximum salary[[ChromeDriver: chrome on windows (c43c6001823992e1aea83fe825028f6a)] -> xpath: //input[@id='salarymax']]
2023-07-25 22:07:347 INFO  HomePage :87 - select salary type[[ChromeDriver: chrome on windows (c43c6001823992e1aea83fe825028f6a)] -> xpath: //select[@id='salarytype']]
2023-07-25 22:07:444 INFO  HomePage :93 - select job type[[ChromeDriver: chrome on windows (c43c6001823992e1aea83fe825028f6a)] -> xpath: //select[@id='tempperm']]
2023-07-25 22:07:579 INFO  HomePage :99 - click on find job button[[ChromeDriver: chrome on windows (c43c6001823992e1aea83fe825028f6a)] -> xpath: //input[@id='hp-search-btn']]
2023-07-25 22:07:214 INFO  ResultPage :21 - Getting result Temporary Data Analyst jobs
2023-07-25 22:07:63 INFO  HomePage :51 - enter the job title[[ChromeDriver: chrome on windows (f16b8c5b6e2eba3cdb42946ba95feb30)] -> xpath: //input[@id='keywords']]
2023-07-25 22:07:176 INFO  HomePage :57 - enter location[[ChromeDriver: chrome on windows (f16b8c5b6e2eba3cdb42946ba95feb30)] -> xpath: //input[@id='location']]
2023-07-25 22:07:322 INFO  HomePage :63 - select distance[[ChromeDriver: chrome on windows (f16b8c5b6e2eba3cdb42946ba95feb30)] -> xpath: //select[@id='distance']]
2023-07-25 22:07:402 INFO  HomePage :69 - click on search option[[ChromeDriver: chrome on windows (f16b8c5b6e2eba3cdb42946ba95feb30)] -> xpath: //button[@id='toggle-hp-search']]
2023-07-25 22:07:558 INFO  HomePage :75 - enter minimum salary[[ChromeDriver: chrome on windows (f16b8c5b6e2eba3cdb42946ba95feb30)] -> xpath: //input[@id='salarymin']]
2023-07-25 22:07:638 INFO  HomePage :81 - enter maximum salary[[ChromeDriver: chrome on windows (f16b8c5b6e2eba3cdb42946ba95feb30)] -> xpath: //input[@id='salarymax']]
2023-07-25 22:07:733 INFO  HomePage :87 - select salary type[[ChromeDriver: chrome on windows (f16b8c5b6e2eba3cdb42946ba95feb30)] -> xpath: //select[@id='salarytype']]
2023-07-25 22:07:814 INFO  HomePage :93 - select job type[[ChromeDriver: chrome on windows (f16b8c5b6e2eba3cdb42946ba95feb30)] -> xpath: //select[@id='tempperm']]
2023-07-25 22:07:913 INFO  HomePage :99 - click on find job button[[ChromeDriver: chrome on windows (f16b8c5b6e2eba3cdb42946ba95feb30)] -> xpath: //input[@id='hp-search-btn']]
2023-07-25 22:07:300 INFO  ResultPage :21 - Getting result Apprenticeship Qa Tester jobs
2023-07-25 22:07:17 INFO  HomePage :51 - enter the job title[[ChromeDriver: chrome on windows (99fb6bf193a137a32cd788d776b31fd7)] -> xpath: //input[@id='keywords']]
2023-07-25 22:07:243 INFO  HomePage :57 - enter location[[ChromeDriver: chrome on windows (99fb6bf193a137a32cd788d776b31fd7)] -> xpath: //input[@id='location']]
2023-07-25 22:07:389 INFO  HomePage :63 - select distance[[ChromeDriver: chrome on windows (99fb6bf193a137a32cd788d776b31fd7)] -> xpath: //select[@id='distance']]
2023-07-25 22:07:488 INFO  HomePage :69 - click on search option[[ChromeDriver: chrome on windows (99fb6bf193a137a32cd788d776b31fd7)] -> xpath: //button[@id='toggle-hp-search']]
2023-07-25 22:07:706 INFO  HomePage :75 - enter minimum salary[[ChromeDriver: chrome on windows (99fb6bf193a137a32cd788d776b31fd7)] -> xpath: //input[@id='salarymin']]
2023-07-25 22:07:824 INFO  HomePage :81 - enter maximum salary[[ChromeDriver: chrome on windows (99fb6bf193a137a32cd788d776b31fd7)] -> xpath: //input[@id='salarymax']]
2023-07-25 22:07:936 INFO  HomePage :87 - select salary type[[ChromeDriver: chrome on windows (99fb6bf193a137a32cd788d776b31fd7)] -> xpath: //select[@id='salarytype']]
2023-07-25 22:07:69 INFO  HomePage :93 - select job type[[ChromeDriver: chrome on windows (99fb6bf193a137a32cd788d776b31fd7)] -> xpath: //select[@id='tempperm']]
2023-07-25 22:07:166 INFO  HomePage :99 - click on find job button[[ChromeDriver: chrome on windows (99fb6bf193a137a32cd788d776b31fd7)] -> xpath: //input[@id='hp-search-btn']]
2023-07-25 22:07:401 INFO  ResultPage :21 - Getting result Permanent Tester jobs in Harrow on the Hill
2023-07-25 22:07:126 INFO  HomePage :51 - enter the job title[[ChromeDriver: chrome on windows (a14194335aee81b621511a6fa4f84ccd)] -> xpath: //input[@id='keywords']]
2023-07-25 22:07:358 INFO  HomePage :57 - enter location[[ChromeDriver: chrome on windows (a14194335aee81b621511a6fa4f84ccd)] -> xpath: //input[@id='location']]
2023-07-25 22:07:476 INFO  HomePage :63 - select distance[[ChromeDriver: chrome on windows (a14194335aee81b621511a6fa4f84ccd)] -> xpath: //select[@id='distance']]
2023-07-25 22:07:604 INFO  HomePage :69 - click on search option[[ChromeDriver: chrome on windows (a14194335aee81b621511a6fa4f84ccd)] -> xpath: //button[@id='toggle-hp-search']]
2023-07-25 22:07:811 INFO  HomePage :75 - enter minimum salary[[ChromeDriver: chrome on windows (a14194335aee81b621511a6fa4f84ccd)] -> xpath: //input[@id='salarymin']]
2023-07-25 22:07:918 INFO  HomePage :81 - enter maximum salary[[ChromeDriver: chrome on windows (a14194335aee81b621511a6fa4f84ccd)] -> xpath: //input[@id='salarymax']]
2023-07-25 22:07:41 INFO  HomePage :87 - select salary type[[ChromeDriver: chrome on windows (a14194335aee81b621511a6fa4f84ccd)] -> xpath: //select[@id='salarytype']]
2023-07-25 22:07:138 INFO  HomePage :93 - select job type[[ChromeDriver: chrome on windows (a14194335aee81b621511a6fa4f84ccd)] -> xpath: //select[@id='tempperm']]
2023-07-25 22:07:250 INFO  HomePage :99 - click on find job button[[ChromeDriver: chrome on windows (a14194335aee81b621511a6fa4f84ccd)] -> xpath: //input[@id='hp-search-btn']]
2023-07-25 22:07:278 INFO  ResultPage :21 - Getting result Permanent Software jobs in Pitsea
2023-07-25 22:07:773 INFO  HomePage :51 - enter the job title[[ChromeDriver: chrome on windows (747c7815617f3a4e8b6d093e944edb57)] -> xpath: //input[@id='keywords']]
2023-07-25 22:07:947 INFO  HomePage :57 - enter location[[ChromeDriver: chrome on windows (747c7815617f3a4e8b6d093e944edb57)] -> xpath: //input[@id='location']]
2023-07-25 22:07:99 INFO  HomePage :63 - select distance[[ChromeDriver: chrome on windows (747c7815617f3a4e8b6d093e944edb57)] -> xpath: //select[@id='distance']]
2023-07-25 22:07:212 INFO  HomePage :69 - click on search option[[ChromeDriver: chrome on windows (747c7815617f3a4e8b6d093e944edb57)] -> xpath: //button[@id='toggle-hp-search']]
2023-07-25 22:07:444 INFO  HomePage :75 - enter minimum salary[[ChromeDriver: chrome on windows (747c7815617f3a4e8b6d093e944edb57)] -> xpath: //input[@id='salarymin']]
2023-07-25 22:07:656 INFO  HomePage :81 - enter maximum salary[[ChromeDriver: chrome on windows (747c7815617f3a4e8b6d093e944edb57)] -> xpath: //input[@id='salarymax']]
2023-07-25 22:07:803 INFO  HomePage :87 - select salary type[[ChromeDriver: chrome on windows (747c7815617f3a4e8b6d093e944edb57)] -> xpath: //select[@id='salarytype']]
2023-07-25 22:07:953 INFO  HomePage :93 - select job type[[ChromeDriver: chrome on windows (747c7815617f3a4e8b6d093e944edb57)] -> xpath: //select[@id='tempperm']]
2023-07-25 22:07:74 INFO  HomePage :99 - click on find job button[[ChromeDriver: chrome on windows (747c7815617f3a4e8b6d093e944edb57)] -> xpath: //input[@id='hp-search-btn']]
2023-07-25 22:07:80 INFO  ResultPage :21 - Getting result Permanent Manager jobs in Ilford
2023-07-25 22:07:641 INFO  HomePage :51 - enter the job title[[ChromeDriver: chrome on windows (c907298d7d6328675704cc0cbe44cc5e)] -> xpath: //input[@id='keywords']]
2023-07-25 22:07:815 INFO  HomePage :57 - enter location[[ChromeDriver: chrome on windows (c907298d7d6328675704cc0cbe44cc5e)] -> xpath: //input[@id='location']]
2023-07-25 22:07:939 INFO  HomePage :63 - select distance[[ChromeDriver: chrome on windows (c907298d7d6328675704cc0cbe44cc5e)] -> xpath: //select[@id='distance']]
2023-07-25 22:07:53 INFO  HomePage :69 - click on search option[[ChromeDriver: chrome on windows (c907298d7d6328675704cc0cbe44cc5e)] -> xpath: //button[@id='toggle-hp-search']]
2023-07-25 22:07:228 INFO  HomePage :75 - enter minimum salary[[ChromeDriver: chrome on windows (c907298d7d6328675704cc0cbe44cc5e)] -> xpath: //input[@id='salarymin']]
2023-07-25 22:07:350 INFO  HomePage :81 - enter maximum salary[[ChromeDriver: chrome on windows (c907298d7d6328675704cc0cbe44cc5e)] -> xpath: //input[@id='salarymax']]
2023-07-25 22:07:478 INFO  HomePage :87 - select salary type[[ChromeDriver: chrome on windows (c907298d7d6328675704cc0cbe44cc5e)] -> xpath: //select[@id='salarytype']]
2023-07-25 22:07:637 INFO  HomePage :93 - select job type[[ChromeDriver: chrome on windows (c907298d7d6328675704cc0cbe44cc5e)] -> xpath: //select[@id='tempperm']]
2023-07-25 22:07:755 INFO  HomePage :99 - click on find job button[[ChromeDriver: chrome on windows (c907298d7d6328675704cc0cbe44cc5e)] -> xpath: //input[@id='hp-search-btn']]
2023-07-25 22:07:642 INFO  ResultPage :21 - Getting result Permanent Bookkeeper jobs in Hatfield
2023-07-25 22:07:889 INFO  HomePage :51 - enter the job title[[ChromeDriver: chrome on windows (5dbd48419f4552d17d0e27f495527564)] -> xpath: //input[@id='keywords']]
2023-07-25 22:07:38 INFO  HomePage :57 - enter location[[ChromeDriver: chrome on windows (5dbd48419f4552d17d0e27f495527564)] -> xpath: //input[@id='location']]
2023-07-25 22:07:163 INFO  HomePage :63 - select distance[[ChromeDriver: chrome on windows (5dbd48419f4552d17d0e27f495527564)] -> xpath: //select[@id='distance']]
2023-07-25 22:07:267 INFO  HomePage :69 - click on search option[[ChromeDriver: chrome on windows (5dbd48419f4552d17d0e27f495527564)] -> xpath: //button[@id='toggle-hp-search']]
2023-07-25 22:07:443 INFO  HomePage :75 - enter minimum salary[[ChromeDriver: chrome on windows (5dbd48419f4552d17d0e27f495527564)] -> xpath: //input[@id='salarymin']]
2023-07-25 22:07:537 INFO  HomePage :81 - enter maximum salary[[ChromeDriver: chrome on windows (5dbd48419f4552d17d0e27f495527564)] -> xpath: //input[@id='salarymax']]
2023-07-25 22:07:633 INFO  HomePage :87 - select salary type[[ChromeDriver: chrome on windows (5dbd48419f4552d17d0e27f495527564)] -> xpath: //select[@id='salarytype']]
2023-07-25 22:07:743 INFO  HomePage :93 - select job type[[ChromeDriver: chrome on windows (5dbd48419f4552d17d0e27f495527564)] -> xpath: //select[@id='tempperm']]
2023-07-25 22:07:884 INFO  HomePage :99 - click on find job button[[ChromeDriver: chrome on windows (5dbd48419f4552d17d0e27f495527564)] -> xpath: //input[@id='hp-search-btn']]
2023-07-25 22:07:733 INFO  ResultPage :21 - Getting result Permanent Sales Manager jobs in Lincoln
2023-07-25 22:07:989 INFO  HomePage :51 - enter the job title[[ChromeDriver: chrome on windows (a957f635bb6805b967f37e3e3f4b8297)] -> xpath: //input[@id='keywords']]
2023-07-25 22:07:124 INFO  HomePage :57 - enter location[[ChromeDriver: chrome on windows (a957f635bb6805b967f37e3e3f4b8297)] -> xpath: //input[@id='location']]
2023-07-25 22:07:261 INFO  HomePage :63 - select distance[[ChromeDriver: chrome on windows (a957f635bb6805b967f37e3e3f4b8297)] -> xpath: //select[@id='distance']]
2023-07-25 22:07:472 INFO  HomePage :69 - click on search option[[ChromeDriver: chrome on windows (a957f635bb6805b967f37e3e3f4b8297)] -> xpath: //button[@id='toggle-hp-search']]
2023-07-25 22:07:599 INFO  HomePage :75 - enter minimum salary[[ChromeDriver: chrome on windows (a957f635bb6805b967f37e3e3f4b8297)] -> xpath: //input[@id='salarymin']]
2023-07-25 22:07:731 INFO  HomePage :81 - enter maximum salary[[ChromeDriver: chrome on windows (a957f635bb6805b967f37e3e3f4b8297)] -> xpath: //input[@id='salarymax']]
2023-07-25 22:07:883 INFO  HomePage :87 - select salary type[[ChromeDriver: chrome on windows (a957f635bb6805b967f37e3e3f4b8297)] -> xpath: //select[@id='salarytype']]
2023-07-25 22:07:29 INFO  HomePage :93 - select job type[[ChromeDriver: chrome on windows (a957f635bb6805b967f37e3e3f4b8297)] -> xpath: //select[@id='tempperm']]
2023-07-25 22:07:172 INFO  HomePage :99 - click on find job button[[ChromeDriver: chrome on windows (a957f635bb6805b967f37e3e3f4b8297)] -> xpath: //input[@id='hp-search-btn']]
2023-07-25 22:07:973 INFO  ResultPage :21 - Getting result Permanent Software Developer jobs in Kingswood
2023-07-25 22:07:530 INFO  HomePage :51 - enter the job title[[ChromeDriver: chrome on windows (a9b54a547ab1f1099e43ad7af57d87e4)] -> xpath: //input[@id='keywords']]
2023-07-25 22:07:769 INFO  HomePage :57 - enter location[[ChromeDriver: chrome on windows (a9b54a547ab1f1099e43ad7af57d87e4)] -> xpath: //input[@id='location']]
2023-07-25 22:07:966 INFO  HomePage :63 - select distance[[ChromeDriver: chrome on windows (a9b54a547ab1f1099e43ad7af57d87e4)] -> xpath: //select[@id='distance']]
2023-07-25 22:07:142 INFO  HomePage :69 - click on search option[[ChromeDriver: chrome on windows (a9b54a547ab1f1099e43ad7af57d87e4)] -> xpath: //button[@id='toggle-hp-search']]
2023-07-25 22:07:450 INFO  HomePage :75 - enter minimum salary[[ChromeDriver: chrome on windows (a9b54a547ab1f1099e43ad7af57d87e4)] -> xpath: //input[@id='salarymin']]
2023-07-25 22:07:565 INFO  HomePage :81 - enter maximum salary[[ChromeDriver: chrome on windows (a9b54a547ab1f1099e43ad7af57d87e4)] -> xpath: //input[@id='salarymax']]
2023-07-25 22:07:687 INFO  HomePage :87 - select salary type[[ChromeDriver: chrome on windows (a9b54a547ab1f1099e43ad7af57d87e4)] -> xpath: //select[@id='salarytype']]
2023-07-25 22:07:819 INFO  HomePage :93 - select job type[[ChromeDriver: chrome on windows (a9b54a547ab1f1099e43ad7af57d87e4)] -> xpath: //select[@id='tempperm']]
2023-07-25 22:07:947 INFO  HomePage :99 - click on find job button[[ChromeDriver: chrome on windows (a9b54a547ab1f1099e43ad7af57d87e4)] -> xpath: //input[@id='hp-search-btn']]
2023-07-25 22:07:185 INFO  ResultPage :21 - Getting result Permanent Tester jobs in Harrow on the Hill
2023-07-25 22:07:997 INFO  HomePage :51 - enter the job title[[ChromeDriver: chrome on windows (b4b2b55f5adecdcc4b9e20614cee7496)] -> xpath: //input[@id='keywords']]
2023-07-25 22:07:199 INFO  HomePage :57 - enter location[[ChromeDriver: chrome on windows (b4b2b55f5adecdcc4b9e20614cee7496)] -> xpath: //input[@id='location']]
2023-07-25 22:07:338 INFO  HomePage :63 - select distance[[ChromeDriver: chrome on windows (b4b2b55f5adecdcc4b9e20614cee7496)] -> xpath: //select[@id='distance']]
2023-07-25 22:07:632 INFO  HomePage :69 - click on search option[[ChromeDriver: chrome on windows (b4b2b55f5adecdcc4b9e20614cee7496)] -> xpath: //button[@id='toggle-hp-search']]
2023-07-25 22:07:836 INFO  HomePage :75 - enter minimum salary[[ChromeDriver: chrome on windows (b4b2b55f5adecdcc4b9e20614cee7496)] -> xpath: //input[@id='salarymin']]
2023-07-25 22:07:982 INFO  HomePage :81 - enter maximum salary[[ChromeDriver: chrome on windows (b4b2b55f5adecdcc4b9e20614cee7496)] -> xpath: //input[@id='salarymax']]
2023-07-25 22:07:143 INFO  HomePage :87 - select salary type[[ChromeDriver: chrome on windows (b4b2b55f5adecdcc4b9e20614cee7496)] -> xpath: //select[@id='salarytype']]
2023-07-25 22:07:249 INFO  HomePage :93 - select job type[[ChromeDriver: chrome on windows (b4b2b55f5adecdcc4b9e20614cee7496)] -> xpath: //select[@id='tempperm']]
2023-07-25 22:07:372 INFO  HomePage :99 - click on find job button[[ChromeDriver: chrome on windows (b4b2b55f5adecdcc4b9e20614cee7496)] -> xpath: //input[@id='hp-search-btn']]
2023-07-25 22:07:664 INFO  ResultPage :21 - Getting result Permanent Software jobs in Pitsea
2023-07-25 22:07:349 INFO  HomePage :51 - enter the job title[[ChromeDriver: chrome on windows (5cbebafb0dc63dbcb7c2a52301e4f531)] -> xpath: //input[@id='keywords']]
2023-07-25 22:07:616 INFO  HomePage :57 - enter location[[ChromeDriver: chrome on windows (5cbebafb0dc63dbcb7c2a52301e4f531)] -> xpath: //input[@id='location']]
2023-07-25 22:07:851 INFO  HomePage :63 - select distance[[ChromeDriver: chrome on windows (5cbebafb0dc63dbcb7c2a52301e4f531)] -> xpath: //select[@id='distance']]
2023-07-25 22:07:975 INFO  HomePage :69 - click on search option[[ChromeDriver: chrome on windows (5cbebafb0dc63dbcb7c2a52301e4f531)] -> xpath: //button[@id='toggle-hp-search']]
2023-07-25 22:07:208 INFO  HomePage :75 - enter minimum salary[[ChromeDriver: chrome on windows (5cbebafb0dc63dbcb7c2a52301e4f531)] -> xpath: //input[@id='salarymin']]
2023-07-25 22:07:340 INFO  HomePage :81 - enter maximum salary[[ChromeDriver: chrome on windows (5cbebafb0dc63dbcb7c2a52301e4f531)] -> xpath: //input[@id='salarymax']]
2023-07-25 22:07:445 INFO  HomePage :87 - select salary type[[ChromeDriver: chrome on windows (5cbebafb0dc63dbcb7c2a52301e4f531)] -> xpath: //select[@id='salarytype']]
2023-07-25 22:07:550 INFO  HomePage :93 - select job type[[ChromeDriver: chrome on windows (5cbebafb0dc63dbcb7c2a52301e4f531)] -> xpath: //select[@id='tempperm']]
2023-07-25 22:07:670 INFO  HomePage :99 - click on find job button[[ChromeDriver: chrome on windows (5cbebafb0dc63dbcb7c2a52301e4f531)] -> xpath: //input[@id='hp-search-btn']]
2023-07-25 22:07:794 INFO  ResultPage :21 - Getting result Permanent Manager jobs in Ilford
2023-07-25 22:07:748 INFO  HomePage :51 - enter the job title[[ChromeDriver: chrome on windows (8d2aa47aa09ff15ba452e8c8635f27b3)] -> xpath: //input[@id='keywords']]
2023-07-25 22:07:862 INFO  HomePage :57 - enter location[[ChromeDriver: chrome on windows (8d2aa47aa09ff15ba452e8c8635f27b3)] -> xpath: //input[@id='location']]
2023-07-25 22:07:16 INFO  HomePage :63 - select distance[[ChromeDriver: chrome on windows (8d2aa47aa09ff15ba452e8c8635f27b3)] -> xpath: //select[@id='distance']]
2023-07-25 22:07:106 INFO  HomePage :69 - click on search option[[ChromeDriver: chrome on windows (8d2aa47aa09ff15ba452e8c8635f27b3)] -> xpath: //button[@id='toggle-hp-search']]
2023-07-25 22:07:253 INFO  HomePage :75 - enter minimum salary[[ChromeDriver: chrome on windows (8d2aa47aa09ff15ba452e8c8635f27b3)] -> xpath: //input[@id='salarymin']]
2023-07-25 22:07:367 INFO  HomePage :81 - enter maximum salary[[ChromeDriver: chrome on windows (8d2aa47aa09ff15ba452e8c8635f27b3)] -> xpath: //input[@id='salarymax']]
2023-07-25 22:07:491 INFO  HomePage :87 - select salary type[[ChromeDriver: chrome on windows (8d2aa47aa09ff15ba452e8c8635f27b3)] -> xpath: //select[@id='salarytype']]
2023-07-25 22:07:579 INFO  HomePage :93 - select job type[[ChromeDriver: chrome on windows (8d2aa47aa09ff15ba452e8c8635f27b3)] -> xpath: //select[@id='tempperm']]
2023-07-25 22:07:710 INFO  HomePage :99 - click on find job button[[ChromeDriver: chrome on windows (8d2aa47aa09ff15ba452e8c8635f27b3)] -> xpath: //input[@id='hp-search-btn']]
2023-07-25 22:07:861 INFO  ResultPage :21 - Getting result Permanent Bookkeeper jobs in Hatfield
2023-07-25 22:07:832 INFO  HomePage :51 - enter the job title[[ChromeDriver: chrome on windows (3eeb88e126e5c8578b576936defbc5be)] -> xpath: //input[@id='keywords']]
2023-07-25 22:07:16 INFO  HomePage :57 - enter location[[ChromeDriver: chrome on windows (3eeb88e126e5c8578b576936defbc5be)] -> xpath: //input[@id='location']]
2023-07-25 22:07:124 INFO  HomePage :63 - select distance[[ChromeDriver: chrome on windows (3eeb88e126e5c8578b576936defbc5be)] -> xpath: //select[@id='distance']]
2023-07-25 22:07:392 INFO  HomePage :69 - click on search option[[ChromeDriver: chrome on windows (3eeb88e126e5c8578b576936defbc5be)] -> xpath: //button[@id='toggle-hp-search']]
2023-07-25 22:07:598 INFO  HomePage :75 - enter minimum salary[[ChromeDriver: chrome on windows (3eeb88e126e5c8578b576936defbc5be)] -> xpath: //input[@id='salarymin']]
2023-07-25 22:07:794 INFO  HomePage :81 - enter maximum salary[[ChromeDriver: chrome on windows (3eeb88e126e5c8578b576936defbc5be)] -> xpath: //input[@id='salarymax']]
2023-07-25 22:07:969 INFO  HomePage :87 - select salary type[[ChromeDriver: chrome on windows (3eeb88e126e5c8578b576936defbc5be)] -> xpath: //select[@id='salarytype']]
2023-07-25 22:07:77 INFO  HomePage :93 - select job type[[ChromeDriver: chrome on windows (3eeb88e126e5c8578b576936defbc5be)] -> xpath: //select[@id='tempperm']]
2023-07-25 22:07:254 INFO  HomePage :99 - click on find job button[[ChromeDriver: chrome on windows (3eeb88e126e5c8578b576936defbc5be)] -> xpath: //input[@id='hp-search-btn']]
2023-07-25 22:07:37 INFO  ResultPage :21 - Getting result Permanent Sales Manager jobs in Lincoln
2023-07-25 22:07:681 INFO  HomePage :51 - enter the job title[[ChromeDriver: chrome on windows (2ca6303d394a0474cb2abeb586c68f7b)] -> xpath: //input[@id='keywords']]
2023-07-25 22:07:882 INFO  HomePage :57 - enter location[[ChromeDriver: chrome on windows (2ca6303d394a0474cb2abeb586c68f7b)] -> xpath: //input[@id='location']]
2023-07-25 22:07:18 INFO  HomePage :63 - select distance[[ChromeDriver: chrome on windows (2ca6303d394a0474cb2abeb586c68f7b)] -> xpath: //select[@id='distance']]
2023-07-25 22:07:231 INFO  HomePage :69 - click on search option[[ChromeDriver: chrome on windows (2ca6303d394a0474cb2abeb586c68f7b)] -> xpath: //button[@id='toggle-hp-search']]
2023-07-25 22:07:396 INFO  HomePage :75 - enter minimum salary[[ChromeDriver: chrome on windows (2ca6303d394a0474cb2abeb586c68f7b)] -> xpath: //input[@id='salarymin']]
2023-07-25 22:07:478 INFO  HomePage :81 - enter maximum salary[[ChromeDriver: chrome on windows (2ca6303d394a0474cb2abeb586c68f7b)] -> xpath: //input[@id='salarymax']]
2023-07-25 22:07:594 INFO  HomePage :87 - select salary type[[ChromeDriver: chrome on windows (2ca6303d394a0474cb2abeb586c68f7b)] -> xpath: //select[@id='salarytype']]
2023-07-25 22:07:735 INFO  HomePage :93 - select job type[[ChromeDriver: chrome on windows (2ca6303d394a0474cb2abeb586c68f7b)] -> xpath: //select[@id='tempperm']]
2023-07-25 22:07:873 INFO  HomePage :99 - click on find job button[[ChromeDriver: chrome on windows (2ca6303d394a0474cb2abeb586c68f7b)] -> xpath: //input[@id='hp-search-btn']]
2023-07-25 22:07:984 INFO  ResultPage :21 - Getting result Permanent Software Developer jobs in Kingswood
